#
# A fatal error has been detected by the Java Runtime Environment:
#
#  EXCEPTION_ACCESS_VIOLATION (0xc0000005) at pc=0x000000006526f9e6, pid=584, tid=1788
#
# JRE version: 7.0_02-b13
# Java VM: Java HotSpot(TM) 64-Bit Server VM (22.0-b10 mixed mode windows-amd64 compressed oops)
# Problematic frame:
# C  [QtGui4.dll+0x26f9e6]
#
# Failed to write core dump. Minidumps are not enabled by default on client versions of Windows
#
# If you would like to submit a bug report, please visit:
#   http://bugreport.sun.com/bugreport/crash.jsp
# The crash happened outside the Java Virtual Machine in native code.
# See problematic frame for where to report the bug.
#

---------------  T H R E A D  ---------------

Current thread (0x000000000041b800):  JavaThread "main" [_thread_in_native, id=1788, stack(0x0000000002200000,0x0000000002300000)]

siginfo: ExceptionCode=0xc0000005, reading address 0x0000000097f24c24

Registers:
RAX=0x000000000200a046, RBX=0x00000000ffffffff, RCX=0x000000001205a276, RDX=0x000000000200a046
RSP=0x00000000022f9e78, RBP=0x0000000007c4b2d0, RSI=0x00000000022fa130, RDI=0x0000000007bba5b0
R8 =0x0000000007c53870, R9 =0x00000000022f9eb8, R10=0x0000000000000000, R11=0x0000000007c52e70
R12=0x00000000022fa9f0, R13=0x0000000007c4b2d0, R14=0x0000000000000000, R15=0x0000000000000004
RIP=0x000000006526f9e6, EFLAGS=0x0000000000010202

Top of Stack: (sp=0x00000000022f9e78)
0x00000000022f9e78:   00000000654f67cf 0000a9bea8c39537
0x00000000022f9e88:   0000000007c4b000 00000000022fa130
0x00000000022f9e98:   0000000007bba5b0 0000000007c4b000
0x00000000022f9ea8:   0000000007c52e70 0000000000000000
0x00000000022f9eb8:   0000000065370900 405f00000000000e
0x00000000022f9ec8:   0000000000000000 0000000000000000
0x00000000022f9ed8:   0000001b00000014 000000000000000e
0x00000000022f9ee8:   0000000000000000 0000000000000000
0x00000000022f9ef8:   0000000000000000 0000000000000000
0x00000000022f9f08:   00000000022fa060 000000009b6a8930
0x00000000022f9f18:   000000009b6a8930 403b000000000100
0x00000000022f9f28:   00000000022f9f90 0000000008852780
0x00000000022f9f38:   000000009b33a470 fffffffffffffffe
0x00000000022f9f48:   00000000652ad1cc 0000000000000000
0x00000000022f9f58:   0000000000000000 00000000022fa130
0x00000000022f9f68:   00000000059c0278 0000000007c7e980 

Instructions: (pc=0x000000006526f9e6)
0x000000006526f9c6:   41 8b 54 c8 08 85 d2 74 2b 48 8d 0c d2 41 8b 44
0x000000006526f9d6:   c8 04 85 c0 74 45 66 66 66 90 8b d0 48 8d 0c d2
0x000000006526f9e6:   41 8b 44 c8 04 85 c0 75 f1 4d 89 19 41 89 51 08
0x000000006526f9f6:   49 8b c1 c3 41 8b 14 c8 85 d2 74 1f 8b c2 48 8d 


Register to memory mapping:

RAX=0x000000000200a046 is an unknown value
RBX=0x00000000ffffffff is an unallocated location in the heap
RCX=0x000000001205a276 is an unknown value
RDX=0x000000000200a046 is an unknown value
RSP=0x00000000022f9e78 is pointing into the stack for thread: 0x000000000041b800
RBP=0x0000000007c4b2d0 is an unknown value
RSI=0x00000000022fa130 is pointing into the stack for thread: 0x000000000041b800
RDI=0x0000000007bba5b0 is an unknown value
R8 =0x0000000007c53870 is an unknown value
R9 =0x00000000022f9eb8 is pointing into the stack for thread: 0x000000000041b800
R10=0x0000000000000000 is an unknown value
R11=0x0000000007c52e70 is an unknown value
R12=0x00000000022fa9f0 is pointing into the stack for thread: 0x000000000041b800
R13=0x0000000007c4b2d0 is an unknown value
R14=0x0000000000000000 is an unknown value
R15=0x0000000000000004 is an unknown value


Stack: [0x0000000002200000,0x0000000002300000],  sp=0x00000000022f9e78,  free space=999k
Native frames: (J=compiled Java code, j=interpreted, Vv=VM code, C=native code)
C  [QtGui4.dll+0x26f9e6]  QTextBlock::next+0x46

Java frames: (J=compiled Java code, j=interpreted, Vv=VM code)
j  com.trolltech.qt.gui.QApplication.exec()I+0
j  Ui_NewGenPOS.main([Ljava/lang/String;)V+29
v  ~StubRoutines::call_stub

---------------  P R O C E S S  ---------------

Java Threads: ( => current thread )
  0x0000000006ca9800 JavaThread "Thread-0" daemon [_thread_blocked, id=812, stack(0x00000000072c0000,0x00000000073c0000)]
  0x0000000005cb9800 JavaThread "Service Thread" daemon [_thread_blocked, id=4680, stack(0x0000000006340000,0x0000000006440000)]
  0x0000000005ca9800 JavaThread "C2 CompilerThread1" daemon [_thread_blocked, id=2080, stack(0x0000000006ba0000,0x0000000006ca0000)]
  0x0000000005c93000 JavaThread "C2 CompilerThread0" daemon [_thread_blocked, id=2608, stack(0x0000000006a10000,0x0000000006b10000)]
  0x0000000005c91800 JavaThread "Attach Listener" daemon [_thread_blocked, id=508, stack(0x00000000068c0000,0x00000000069c0000)]
  0x0000000005c90000 JavaThread "Signal Dispatcher" daemon [_thread_blocked, id=3140, stack(0x0000000006770000,0x0000000006870000)]
  0x0000000005c08800 JavaThread "Finalizer" daemon [_thread_blocked, id=1172, stack(0x0000000006640000,0x0000000006740000)]
  0x0000000005bff800 JavaThread "Reference Handler" daemon [_thread_blocked, id=2692, stack(0x0000000006440000,0x0000000006540000)]
=>0x000000000041b800 JavaThread "main" [_thread_in_native, id=1788, stack(0x0000000002200000,0x0000000002300000)]

Other Threads:
  0x0000000005bf7800 VMThread [stack: 0x0000000006230000,0x0000000006330000] [id=4816]
  0x0000000005cc4000 WatcherThread [stack: 0x0000000002010000,0x0000000002110000] [id=1032]

VM state:not at safepoint (normal execution)

VM Mutex/Monitor currently owned by a thread: None

Heap
 PSYoungGen      total 28672K, used 19497K [0x00000000e0000000, 0x00000000e2000000, 0x0000000100000000)
  eden space 24576K, 79% used [0x00000000e0000000,0x00000000e130a608,0x00000000e1800000)
  from space 4096K, 0% used [0x00000000e1c00000,0x00000000e1c00000,0x00000000e2000000)
  to   space 4096K, 0% used [0x00000000e1800000,0x00000000e1800000,0x00000000e1c00000)
 PSOldGen        total 65536K, used 0K [0x00000000a0000000, 0x00000000a4000000, 0x00000000e0000000)
  object space 65536K, 0% used [0x00000000a0000000,0x00000000a0000000,0x00000000a4000000)
 PSPermGen       total 21248K, used 8899K [0x000000009ae00000, 0x000000009c2c0000, 0x00000000a0000000)
  object space 21248K, 41% used [0x000000009ae00000,0x000000009b6b0db8,0x000000009c2c0000)

Code Cache  [0x0000000002300000, 0x0000000002570000, 0x0000000005300000)
 total_blobs=305 nmethods=47 adapters=211 free_code_cache=48650Kb largest_free_block=49787968

Dynamic libraries:
0x000000013f7c0000 - 0x000000013f7f3000 	D:\Program Files\Java\jdk1.7.0_02\bin\java.exe
0x0000000076e60000 - 0x0000000077009000 	C:\Windows\SYSTEM32\ntdll.dll
0x0000000076d40000 - 0x0000000076e5f000 	C:\Windows\system32\kernel32.dll
0x000007fefd390000 - 0x000007fefd3fc000 	C:\Windows\system32\KERNELBASE.dll
0x000007fefeef0000 - 0x000007fefefcb000 	C:\Windows\system32\ADVAPI32.dll
0x000007fefe950000 - 0x000007fefe9ef000 	C:\Windows\system32\msvcrt.dll
0x000007fefe4c0000 - 0x000007fefe4df000 	C:\Windows\SYSTEM32\sechost.dll
0x000007fefe820000 - 0x000007fefe94d000 	C:\Windows\system32\RPCRT4.dll
0x0000000076c40000 - 0x0000000076d3a000 	C:\Windows\system32\USER32.dll
0x000007fefece0000 - 0x000007fefed47000 	C:\Windows\system32\GDI32.dll
0x000007fefed50000 - 0x000007fefed5e000 	C:\Windows\system32\LPK.dll
0x000007fefe720000 - 0x000007fefe7e9000 	C:\Windows\system32\USP10.dll
0x000007fefbcb0000 - 0x000007fefbea4000 	C:\Windows\WinSxS\amd64_microsoft.windows.common-controls_6595b64144ccf1df_6.0.7601.17514_none_fa396087175ac9ac\COMCTL32.dll
0x000007fefe440000 - 0x000007fefe4b1000 	C:\Windows\system32\SHLWAPI.dll
0x000007fefe7f0000 - 0x000007fefe81e000 	C:\Windows\system32\IMM32.DLL
0x000007fefede0000 - 0x000007fefeee9000 	C:\Windows\system32\MSCTF.dll
0x00000000636e0000 - 0x00000000637b1000 	D:\Program Files\Java\jdk1.7.0_02\jre\bin\msvcr100.dll
0x0000000062a00000 - 0x00000000630da000 	D:\Program Files\Java\jdk1.7.0_02\jre\bin\server\jvm.dll
0x000007fef8200000 - 0x000007fef8209000 	C:\Windows\system32\WSOCK32.dll
0x000007fefe4f0000 - 0x000007fefe53d000 	C:\Windows\system32\WS2_32.dll
0x000007fefe4e0000 - 0x000007fefe4e8000 	C:\Windows\system32\NSI.dll
0x000007fef9d20000 - 0x000007fef9d5b000 	C:\Windows\system32\WINMM.dll
0x0000000077030000 - 0x0000000077037000 	C:\Windows\system32\PSAPI.DLL
0x0000000070580000 - 0x000000007058f000 	D:\Program Files\Java\jdk1.7.0_02\jre\bin\verify.dll
0x000000006e700000 - 0x000000006e728000 	D:\Program Files\Java\jdk1.7.0_02\jre\bin\java.dll
0x000000006e6e0000 - 0x000000006e6f5000 	D:\Program Files\Java\jdk1.7.0_02\jre\bin\zip.dll
0x0000000067000000 - 0x00000000672fc000 	C:\Users\Mike\AppData\Local\Temp\QtJambi_Mike_amd64_4.5.2_01_msvc2005x64-20090727-1319\bin\QtCore4.dll
0x000007fefead0000 - 0x000007fefecd3000 	C:\Windows\system32\ole32.dll
0x00000000701a0000 - 0x00000000702a9000 	C:\Windows\WinSxS\amd64_microsoft.vc80.crt_1fc8b3b9a1e18e3b_8.0.50727.6195_none_88e41e092fab0294\MSVCP80.dll
0x00000000702b0000 - 0x0000000070379000 	C:\Windows\WinSxS\amd64_microsoft.vc80.crt_1fc8b3b9a1e18e3b_8.0.50727.6195_none_88e41e092fab0294\MSVCR80.dll
0x0000000010000000 - 0x000000001004d000 	C:\Users\Mike\AppData\Local\Temp\QtJambi_Mike_amd64_4.5.2_01_msvc2005x64-20090727-1319\bin\qtjambi.dll
0x00000000060f0000 - 0x00000000061f8000 	C:\Users\Mike\AppData\Local\Temp\QtJambi_Mike_amd64_4.5.2_01_msvc2005x64-20090727-1319\bin\com_trolltech_qt_core.dll
0x0000000065000000 - 0x0000000065ae2000 	C:\Users\Mike\AppData\Local\Temp\QtJambi_Mike_amd64_4.5.2_01_msvc2005x64-20090727-1319\bin\QtGui4.dll
0x000007fefefd0000 - 0x000007feff067000 	C:\Windows\system32\comdlg32.dll
0x000007fefd690000 - 0x000007fefe418000 	C:\Windows\system32\SHELL32.dll
0x000007fefe9f0000 - 0x000007fefeac7000 	C:\Windows\system32\OLEAUT32.dll
0x000007fef98c0000 - 0x000007fef9931000 	C:\Windows\system32\WINSPOOL.DRV
0x00000000073c0000 - 0x0000000007ae4000 	C:\Users\Mike\AppData\Local\Temp\QtJambi_Mike_amd64_4.5.2_01_msvc2005x64-20090727-1319\bin\com_trolltech_qt_gui.dll
0x000007fefbaa0000 - 0x000007fefbaf6000 	C:\Windows\system32\uxtheme.dll
0x000007fefb670000 - 0x000007fefb688000 	C:\Windows\system32\dwmapi.dll
0x000007fefd1f0000 - 0x000007fefd1ff000 	C:\Windows\system32\CRYPTBASE.dll
0x000007fefcb90000 - 0x000007fefcba7000 	C:\Windows\system32\CRYPTSP.dll
0x000007fefc890000 - 0x000007fefc8d7000 	C:\Windows\system32\rsaenh.dll
0x000007fefd2a0000 - 0x000007fefd2b4000 	C:\Windows\system32\RpcRtRemote.dll
0x0000000180000000 - 0x0000000180033000 	C:\Program Files\Evoluent\VMouse\EvoMouseHook.DLL

VM Arguments:
jvm_args: -Dfile.encoding=UTF-8 
java_command: Ui_NewGenPOS
Launcher Type: SUN_STANDARD

Environment Variables:
CLASSPATH=D:\Program Files\Java\jre7\bin\;D:\Program Files\Java\jre7\bin\jvm.dll;D:\Program Files\Java\jre7\bin\;D:\Program Files\Java\jre7\bin\jvm.dll;D:\Program Files\Java\jre7\bin\java.exe;D:\Program Files (x86)\Java\jdk1.7.0_07\jre\bin\java.exe;
PATH=D:\Program Files\Java\qtjambi-win64-lgpl-4.5.2_01\bin\;C:\Program Files (x86)\NVIDIA Corporation\PhysX\Common;D:\Program Files (x86)\MiKTeX 2.9\miktex\bin;C:\Program Files\ImageMagick-6.7.3-Q16;C:\Windows\system32;C:\Windows;C:\Windows\System32\Wbem;C:\Windows\System32\WindowsPowerShell\v1.0\;D:\Program Files\MATLAB\R2008a\bin;D:\Program Files (x86)\MATLAB\R2008a\bin;D:\Program Files (x86)\MATLAB\R2008a\bin\win32;D:\Program Files\MATLAB\R2008a\bin\win64;C:\Program Files (x86)\Microsoft SQL Server\90\Tools\binn\;D:\Program Files (x86)\Smart Projects\IsoBuster;C:\Program Files (x86)\QuickTime\QTSystem;D:\Python32;C:\Program Files (x86)\Common Files\Acronis\SnapAPI\;D:\Program Files\Java\jre7\bin\;D:\Program Files\Java\jre7\bin\jvm.dll;D:\Program Files\Java\jre7\bin\java.exe;D:\Program Files (x86)\Java\jdk1.7.0_07\jre\bin\java.exe;
USERNAME=Mike
OS=Windows_NT
PROCESSOR_IDENTIFIER=AMD64 Family 15 Model 67 Stepping 2, AuthenticAMD



---------------  S Y S T E M  ---------------

OS: Windows 7 , 64 bit Build 7601 Service Pack 1

CPU:total 2 (2 cores per cpu, 1 threads per core) family 15 model 67 stepping 2, cmov, cx8, fxsr, mmx, sse, sse2, sse3, mmxext, 3dnowpref

Memory: 4k page, physical 6289912k(4118932k free), swap 12577972k(10121628k free)

vm_info: Java HotSpot(TM) 64-Bit Server VM (22.0-b10) for windows-amd64 JRE (1.7.0_02-b13), built on Nov 17 2011 13:51:15 by "java_re" with unknown MS VC++:1600

time: Sat Oct 13 20:01:54 2012
elapsed time: 59 seconds

